[ 31/ 12/ 24 17: 29: 02 ] SYSTEM: Se ha añadido un cajero
[ 31/ 12/ 24 17: 29: 02 ] SYSTEM: Se ha añadido un cajero
[ 31/ 12/ 24 17: 29: 02 ] SYSTEM: Se ha añadido un cajero
[ 31/ 12/ 24 17: 29: 15 ] SYSTEM: Se ha añadido un cajero
[ 31/ 12/ 24 17: 29: 16 ] SYSTEM: Se ha añadido un cajero
[ 31/ 12/ 24 17: 29: 16 ] SYSTEM: Se ha añadido un cajero
[ 31/ 12/ 24 17: 29: 17 ] SYSTEM: Se ha añadido un cajero
[ 31/ 12/ 24 17: 29: 17 ] SYSTEM: Se ha añadido un cajero
[ 31/ 12/ 24 17: 29: 22 ] Cliente 0: ha entrado a la tienda
[ 31/ 12/ 24 17: 29: 22 ] cajero 2: Atendiendo a  Cliente 0
[ 31/ 12/ 24 17: 29: 24 ] Cliente 1: ha entrado a la tienda
[ 31/ 12/ 24 17: 29: 24 ] cajero 5: Atendiendo a  Cliente 1
[ 31/ 12/ 24 17: 29: 24 ] Cliente 2: ha entrado a la tienda
[ 31/ 12/ 24 17: 29: 24 ] cajero 6: Atendiendo a  Cliente 2
[ 31/ 12/ 24 17: 29: 24 ] Cliente 3: ha entrado a la tienda
[ 31/ 12/ 24 17: 29: 24 ] cajero 4: Atendiendo a  Cliente 3
[ 31/ 12/ 24 17: 29: 24 ] cajero 2: acabo de atender a Cliente 0,la compra tenia un precio de 56€
[ 31/ 12/ 24 17: 29: 24 ] Cliente 4: ha entrado a la tienda
[ 31/ 12/ 24 17: 29: 24 ] cajero 7: Atendiendo a  Cliente 4
[ 31/ 12/ 24 17: 29: 25 ] Cliente 5: ha entrado a la tienda
[ 31/ 12/ 24 17: 29: 25 ] cajero 2: Atendiendo a  Cliente 5
[ 31/ 12/ 24 17: 29: 25 ] reponedor: Cliente 2 solicita consultar un precio
[ 31/ 12/ 24 17: 29: 25 ] Cliente 6: ha entrado a la tienda
[ 31/ 12/ 24 17: 29: 25 ] cajero 1: Atendiendo a  Cliente 6
[ 31/ 12/ 24 17: 29: 25 ] Cliente 7: ha entrado a la tienda
[ 31/ 12/ 24 17: 29: 25 ] cajero 8: Atendiendo a  Cliente 7
[ 31/ 12/ 24 17: 29: 25 ] cajero 7: acabo de atender a Cliente 4,la compra tenia un precio de 60€
[ 31/ 12/ 24 17: 29: 26 ] Cliente 8: ha entrado a la tienda
[ 31/ 12/ 24 17: 29: 26 ] cajero 3: Atendiendo a  Cliente 8
[ 31/ 12/ 24 17: 29: 26 ] cajero 5: acabo de atender a Cliente 1,la compra tenia un precio de 58€
[ 31/ 12/ 24 17: 29: 26 ] Cliente 9: ha entrado a la tienda
[ 31/ 12/ 24 17: 29: 26 ] cajero 5: Atendiendo a  Cliente 9
[ 31/ 12/ 24 17: 29: 26 ] Cliente 10: ha entrado a la tienda
[ 31/ 12/ 24 17: 29: 26 ] cajero 7: Atendiendo a  Cliente 10
[ 31/ 12/ 24 17: 29: 26 ] Cliente 11: ha entrado a la tienda
[ 31/ 12/ 24 17: 29: 27 ] cajero 3: acabo de atender a Cliente 8,la compra tenia un precio de 51€
[ 31/ 12/ 24 17: 29: 27 ] cajero 3: Atendiendo a  Cliente 11
[ 31/ 12/ 24 17: 29: 28 ] reponedor: Cliente 11 solicita consultar un precio
[ 31/ 12/ 24 17: 29: 28 ] reponedor: Cliente 9 solicita consultar un precio
[ 31/ 12/ 24 17: 29: 28 ] Cliente 12: ha entrado a la tienda
[ 31/ 12/ 24 17: 29: 28 ] reponedor: Cliente 3 solicita consultar un precio
[ 31/ 12/ 24 17: 29: 30 ] cajero 2: acabo de atender a Cliente 5,la compra tenia un precio de 55€
[ 31/ 12/ 24 17: 29: 30 ] cajero 2: Atendiendo a  Cliente 12
[ 31/ 12/ 24 17: 29: 30 ] reponedor: acaba de consultar el precio
[ 31/ 12/ 24 17: 29: 30 ] reponedor: acaba de consultar el precio
[ 31/ 12/ 24 17: 29: 30 ] cajero 3: acabo de atender a Cliente 11,la compra tenia un precio de 13€
[ 31/ 12/ 24 17: 29: 30 ] cajero 6: acabo de atender a Cliente 2,la compra tenia un precio de 15€
[ 31/ 12/ 24 17: 29: 30 ] cajero 1: acabo de atender a Cliente 6,la compra tenia un precio de 21€
[ 31/ 12/ 24 17: 29: 30 ] reponedor: Cliente 10 solicita consultar un precio
[ 31/ 12/ 24 17: 29: 30 ] reponedor: Cliente 7 solicita consultar un precio
[ 31/ 12/ 24 17: 29: 34 ] cajero 2: acabo de atender a Cliente 12,la compra tenia un precio de 9€
[ 31/ 12/ 24 17: 29: 37 ] reponedor: acaba de consultar el precio
[ 31/ 12/ 24 17: 29: 37 ] cajero 4: acabo de atender a Cliente 3,la compra tenia un precio de 37€
[ 31/ 12/ 24 17: 29: 42 ] Supermercado: se ha cerrado el supermercado
[ 31/ 12/ 24 17: 29: 42 ] cajero 1: Atendio a 1 clientes y se va
[ 31/ 12/ 24 17: 29: 42 ] cajero 2: Atendio a 3 clientes y se va
[ 31/ 12/ 24 17: 29: 42 ] cajero 3: Atendio a 2 clientes y se va
[ 31/ 12/ 24 17: 29: 42 ] cajero 4: Atendio a 1 clientes y se va
[ 31/ 12/ 24 17: 29: 42 ] cajero 5: Atendio a 1 clientes y se va
[ 31/ 12/ 24 17: 29: 42 ] cajero 6: Atendio a 1 clientes y se va
[ 31/ 12/ 24 17: 29: 42 ] cajero 7: Atendio a 1 clientes y se va
[ 31/ 12/ 24 17: 29: 42 ] cajero 8: Atendio a 0 clientes y se va
